<?xml version="1.0" encoding="UTF-8"?>
<!-- Generated by org.testng.reporters.JUnitReportReporter -->
<testsuite skipped="0" hostname="vaibs-pc" name="com.testCase.LoginTestCase" tests="1" failures="0" timestamp="30 Sep 2021 07:04:06 GMT" time="4.684" errors="0">
  <testcase name="login" time="4.684" classname="com.testCase.LoginTestCase"/>
</testsuite> <!-- com.testCase.LoginTestCase -->
